{
"src\\app\\Component1\\component1.component.ts":{"path":"src\\app\\Component1\\component1.component.ts","statementMap":{"1":{"start":{"line":1,"column":0},"end":{"line":1,"column":41}},"2":{"start":{"line":3,"column":0},"end":{"line":3,"column":66}},"3":{"start":{"line":5,"column":0},"end":{"line":5,"column":59}},"4":{"start":{"line":12,"column":32},"end":{"line":12,"column":0}},"5":{"start":{"line":13,"column":9},"end":{"line":13,"column":23}},"6":{"start":{"line":14,"column":9},"end":{"line":17,"column":4}},"7":{"start":{"line":18,"column":0},"end":{"line":18,"column":1}},"8":{"start":{"line":12,"column":13},"end":{"line":18,"column":1}},"9":{"start":{"line":12,"column":13},"end":{"line":12,"column":32}}},"fnMap":{"1":{"name":"(anonymous_0)","line":12,"loc":{"start":{"line":12,"column":32},"end":{"line":12,"column":0}}},"2":{"name":"Component1Component","line":7,"loc":{"start":{"line":7,"column":0},"end":{"line":18,"column":1}}}},"branchMap":{},"s":{"1":1,"2":1,"3":1,"4":1,"5":2,"6":2,"7":1,"8":1,"9":1},"b":{},"f":{"1":1,"2":2},"l":{"1":1,"3":1,"5":1,"12":1,"13":2,"14":2,"18":1}}}
